Mar 31, 2025 11:14:13 PM liquibase.changelog
INFO: Reading resource: db/changelog/migrations/db.changelog-202503311013.sql
Mar 31, 2025 11:14:14 PM liquibase.changelog
INFO: Reading from board.DATABASECHANGELOG
Database is up to date, no changesets to execute
Mar 31, 2025 11:14:14 PM liquibase.changelog
INFO: Reading from board.DATABASECHANGELOG

UPDATE SUMMARY
Run:                          0
Previously run:               1
Filtered out:                 0
-------------------------------
Total change sets:            1

Mar 31, 2025 11:14:14 PM liquibase.util
INFO: UPDATE SUMMARY
Mar 31, 2025 11:14:14 PM liquibase.util
INFO: Run:                          0
Mar 31, 2025 11:14:14 PM liquibase.util
INFO: Previously run:               1
Mar 31, 2025 11:14:14 PM liquibase.util
INFO: Filtered out:                 0
Mar 31, 2025 11:14:14 PM liquibase.util
INFO: -------------------------------
Mar 31, 2025 11:14:14 PM liquibase.util
INFO: Total change sets:            1
Mar 31, 2025 11:14:14 PM liquibase.util
INFO: Update summary generated
Mar 31, 2025 11:14:14 PM liquibase.command
INFO: Command execution complete
